/*C3*/SET SCHEMA PUBLIC
CREATE TABLE IF NOT EXISTS AL_CONFIGURATION ( PROPERTY_NAME VARCHAR(255) NOT NULL UNIQUE , PROPERTY_VALUE LONGVARCHAR ) 
CREATE TABLE IF NOT EXISTS AL_GROUPS ( GROUP_NAME VARCHAR(255) NOT NULL PRIMARY KEY , DESCRIPTION LONGVARCHAR ) 
CREATE TABLE IF NOT EXISTS AL_TABLES ( TABLE_NAME VARCHAR(255) NOT NULL PRIMARY KEY , GROUP_NAME VARCHAR(255) , DESCRIPTION LONGVARCHAR ) 
CREATE TABLE IF NOT EXISTS AL_CUSTOM_TYPE ( TABLE_NAME VARCHAR(255) , COLUMN_NAME VARCHAR(255) , TYPE VARCHAR(255) , NAME VARCHAR(255) ) 
CREATE TABLE IF NOT EXISTS AL_VIEWS ( VIEW_NAME VARCHAR(255) NOT NULL UNIQUE , VIEW_DEFINITION LONGVARCHAR , IS_VALID BOOLEAN ) 
CREATE TABLE IF NOT EXISTS AL_SELECTED_LOG_OBJECTS ( NAME VARCHAR(255) NOT NULL UNIQUE , TYPE VARCHAR(255) ) 
CREATE TABLE IF NOT EXISTS AL_DB_OBJECTS ( NAME VARCHAR(255) NOT NULL UNIQUE , TYPE VARCHAR(255) , USAGE VARCHAR(255) ) 
/*C4*/SET SCHEMA PUBLIC
DISCONNECT
/*C5*/SET SCHEMA PUBLIC
DISCONNECT
/*C6*/SET SCHEMA PUBLIC
DISCONNECT
/*C7*/SET SCHEMA PUBLIC
DISCONNECT
/*C8*/SET SCHEMA PUBLIC
DISCONNECT
/*C9*/SET SCHEMA PUBLIC
DISCONNECT
/*C10*/SET SCHEMA PUBLIC
DISCONNECT
/*C11*/SET SCHEMA PUBLIC
DISCONNECT
/*C12*/SET SCHEMA PUBLIC
DISCONNECT
/*C13*/SET SCHEMA PUBLIC
DISCONNECT
/*C14*/SET SCHEMA PUBLIC
DISCONNECT
/*C15*/SET SCHEMA PUBLIC
DISCONNECT
/*C16*/SET SCHEMA PUBLIC
DISCONNECT
/*C17*/SET SCHEMA PUBLIC
DISCONNECT
/*C18*/SET SCHEMA PUBLIC
DISCONNECT
/*C3*/DISCONNECT
/*C20*/SET SCHEMA PUBLIC
DISCONNECT
/*C21*/SET SCHEMA PUBLIC
DISCONNECT
/*C19*/SET SCHEMA PUBLIC
DISCONNECT
/*C23*/SET SCHEMA PUBLIC
DISCONNECT
/*C24*/SET SCHEMA PUBLIC
DISCONNECT
/*C22*/SET SCHEMA PUBLIC
DISCONNECT
/*C26*/SET SCHEMA PUBLIC
DISCONNECT
/*C25*/SET SCHEMA PUBLIC
DISCONNECT
/*C28*/SET SCHEMA PUBLIC
DISCONNECT
/*C27*/SET SCHEMA PUBLIC
DISCONNECT
/*C30*/SET SCHEMA PUBLIC
DISCONNECT
/*C29*/SET SCHEMA PUBLIC
DISCONNECT
/*C32*/SET SCHEMA PUBLIC
DISCONNECT
/*C31*/SET SCHEMA PUBLIC
DISCONNECT
/*C34*/SET SCHEMA PUBLIC
DISCONNECT
/*C33*/SET SCHEMA PUBLIC
DISCONNECT
/*C36*/SET SCHEMA PUBLIC
DISCONNECT
/*C35*/SET SCHEMA PUBLIC
DISCONNECT
/*C38*/SET SCHEMA PUBLIC
DISCONNECT
/*C39*/SET SCHEMA PUBLIC
DISCONNECT
/*C37*/SET SCHEMA PUBLIC
DISCONNECT
/*C41*/SET SCHEMA PUBLIC
DISCONNECT
/*C40*/SET SCHEMA PUBLIC
DISCONNECT
/*C43*/SET SCHEMA PUBLIC
DISCONNECT
/*C42*/SET SCHEMA PUBLIC
DISCONNECT
/*C45*/SET SCHEMA PUBLIC
DISCONNECT
/*C44*/SET SCHEMA PUBLIC
DISCONNECT
/*C47*/SET SCHEMA PUBLIC
DISCONNECT
/*C48*/SET SCHEMA PUBLIC
DISCONNECT
/*C46*/SET SCHEMA PUBLIC
DISCONNECT
/*C50*/SET SCHEMA PUBLIC
DISCONNECT
/*C49*/SET SCHEMA PUBLIC
DISCONNECT
/*C52*/SET SCHEMA PUBLIC
DISCONNECT
/*C51*/SET SCHEMA PUBLIC
DISCONNECT
/*C54*/SET SCHEMA PUBLIC
DISCONNECT
/*C55*/SET SCHEMA PUBLIC
DISCONNECT
/*C53*/SET SCHEMA PUBLIC
DISCONNECT
/*C57*/SET SCHEMA PUBLIC
DISCONNECT
/*C58*/SET SCHEMA PUBLIC
DISCONNECT
/*C59*/SET SCHEMA PUBLIC
DISCONNECT
/*C60*/SET SCHEMA PUBLIC
DISCONNECT
/*C61*/SET SCHEMA PUBLIC
DISCONNECT
/*C62*/SET SCHEMA PUBLIC
DISCONNECT
/*C56*/SET SCHEMA PUBLIC
CREATE TABLE new_production_plan ( al_id INT IDENTITY , arrival_time TIMESTAMP NULL , type LONGVARCHAR NULL , liters DOUBLE NULL , box_size INTEGER NULL ) 
INSERT INTO AL_TABLES VALUES('new_production_plan',NULL,'')
COMMIT
CREATE TABLE stresstest ( al_id INT IDENTITY , arrival_time TIMESTAMP NULL , type LONGVARCHAR NULL , liters DOUBLE NULL , box_size INTEGER NULL ) 
INSERT INTO AL_TABLES VALUES('stresstest',NULL,'')
COMMIT
/*C63*/SET SCHEMA PUBLIC
INSERT INTO NEW_PRODUCTION_PLAN VALUES(0,'2022-06-13 01:22:00.000000','Blonde',779.9999999999999E0,6)
INSERT INTO NEW_PRODUCTION_PLAN VALUES(1,'2022-06-13 02:25:00.000000','Blonde',1200.0E0,24)
INSERT INTO NEW_PRODUCTION_PLAN VALUES(2,'2022-06-13 02:36:00.000000','Blonde',1020.0E0,24)
INSERT INTO NEW_PRODUCTION_PLAN VALUES(3,'2022-06-13 03:30:00.000000','Blonde',1080.0E0,6)
INSERT INTO NEW_PRODUCTION_PLAN VALUES(4,'2022-06-13 03:40:00.000000','Blonde',839.9999999999999E0,24)
INSERT INTO NEW_PRODUCTION_PLAN VALUES(5,'2022-06-13 03:41:00.000000','Blonde',600.0E0,6)
INSERT INTO NEW_PRODUCTION_PLAN VALUES(6,'2022-06-13 03:46:00.000000','Blonde',720.0E0,24)
INSERT INTO NEW_PRODUCTION_PLAN VALUES(7,'2022-06-13 03:54:00.000000','Blonde',1080.0E0,6)
INSERT INTO NEW_PRODUCTION_PLAN VALUES(8,'2022-06-13 04:57:00.000000','Blonde',1140.0E0,6)
INSERT INTO NEW_PRODUCTION_PLAN VALUES(9,'2022-06-13 05:32:00.000000','Blonde',900.0E0,24)
INSERT INTO NEW_PRODUCTION_PLAN VALUES(10,'2022-06-13 05:40:00.000000','Blonde',780.0000000000001E0,6)
INSERT INTO NEW_PRODUCTION_PLAN VALUES(11,'2022-06-13 05:41:00.000000','Blonde',1080.0E0,24)
INSERT INTO NEW_PRODUCTION_PLAN VALUES(12,'2022-06-13 06:04:00.000000','Blonde',839.9999999999999E0,24)
INSERT INTO NEW_PRODUCTION_PLAN VALUES(13,'2022-06-13 07:55:00.000000','Blonde',600.0E0,24)
INSERT INTO NEW_PRODUCTION_PLAN VALUES(14,'2022-06-13 08:01:00.000000','Blonde',660.0E0,6)
INSERT INTO NEW_PRODUCTION_PLAN VALUES(15,'2022-06-13 08:14:00.000000','Blonde',780.0000000000001E0,24)
INSERT INTO NEW_PRODUCTION_PLAN VALUES(16,'2022-06-13 08:29:00.000000','Blonde',1140.0E0,6)
INSERT INTO NEW_PRODUCTION_PLAN VALUES(17,'2022-06-13 09:59:00.000000','Blonde',1200.0E0,24)
INSERT INTO NEW_PRODUCTION_PLAN VALUES(18,'2022-06-13 10:14:00.000000','Blonde',1140.0E0,24)
INSERT INTO NEW_PRODUCTION_PLAN VALUES(19,'2022-06-13 11:07:00.000000','Blonde',900.0E0,24)
INSERT INTO NEW_PRODUCTION_PLAN VALUES(20,'2022-06-13 11:27:00.000000','Blonde',1140.0E0,6)
INSERT INTO NEW_PRODUCTION_PLAN VALUES(21,'2022-06-13 11:29:00.000000','Blonde',660.0E0,24)
INSERT INTO NEW_PRODUCTION_PLAN VALUES(22,'2022-06-13 12:09:00.000000','Blonde',839.9999999999999E0,6)
INSERT INTO NEW_PRODUCTION_PLAN VALUES(23,'2022-06-13 12:10:00.000000','Blonde',960.0E0,6)
INSERT INTO NEW_PRODUCTION_PLAN VALUES(24,'2022-06-13 12:28:00.000000','Blonde',600.0E0,24)
INSERT INTO NEW_PRODUCTION_PLAN VALUES(25,'2022-06-13 12:45:00.000000','Blonde',660.0E0,24)
INSERT INTO NEW_PRODUCTION_PLAN VALUES(26,'2022-06-13 13:16:00.000000','Blonde',839.9999999999999E0,6)
INSERT INTO NEW_PRODUCTION_PLAN VALUES(27,'2022-06-13 13:28:00.000000','Blonde',1020.0E0,24)
INSERT INTO NEW_PRODUCTION_PLAN VALUES(28,'2022-06-13 14:58:00.000000','Blonde',600.0E0,6)
INSERT INTO NEW_PRODUCTION_PLAN VALUES(29,'2022-06-13 15:20:00.000000','Blonde',839.9999999999999E0,6)
INSERT INTO NEW_PRODUCTION_PLAN VALUES(30,'2022-06-13 15:25:00.000000','Blonde',660.0E0,6)
INSERT INTO NEW_PRODUCTION_PLAN VALUES(31,'2022-06-13 15:39:00.000000','Blonde',720.0E0,24)
INSERT INTO NEW_PRODUCTION_PLAN VALUES(32,'2022-06-13 16:00:00.000000','Blonde',1200.0E0,6)
INSERT INTO NEW_PRODUCTION_PLAN VALUES(33,'2022-06-13 16:31:00.000000','Blonde',720.0E0,6)
INSERT INTO NEW_PRODUCTION_PLAN VALUES(34,'2022-06-13 16:32:00.000000','Blonde',839.9999999999999E0,6)
INSERT INTO NEW_PRODUCTION_PLAN VALUES(35,'2022-06-13 16:35:00.000000','Blonde',1140.0E0,6)
INSERT INTO NEW_PRODUCTION_PLAN VALUES(36,'2022-06-13 16:50:00.000000','Blonde Lemon',1080.0E0,24)
INSERT INTO NEW_PRODUCTION_PLAN VALUES(37,'2022-06-13 17:25:00.000000','Blonde Lemon',1200.0E0,6)
INSERT INTO NEW_PRODUCTION_PLAN VALUES(38,'2022-06-13 17:58:00.000000','Blonde Lemon',1080.0E0,6)
INSERT INTO NEW_PRODUCTION_PLAN VALUES(39,'2022-06-13 18:06:00.000000','Blonde Lemon',600.0E0,6)
INSERT INTO NEW_PRODUCTION_PLAN VALUES(40,'2022-06-13 18:55:00.000000','Blonde Lemon',1140.0E0,24)
INSERT INTO NEW_PRODUCTION_PLAN VALUES(41,'2022-06-13 19:02:00.000000','Blonde Lemon',900.0E0,6)
INSERT INTO NEW_PRODUCTION_PLAN VALUES(42,'2022-06-13 19:11:00.000000','Blonde Lemon',839.9999999999999E0,6)
INSERT INTO NEW_PRODUCTION_PLAN VALUES(43,'2022-06-13 19:15:00.000000','Triple',780.0000000000001E0,6)
INSERT INTO NEW_PRODUCTION_PLAN VALUES(44,'2022-06-13 19:25:00.000000','Triple',720.0E0,6)
INSERT INTO NEW_PRODUCTION_PLAN VALUES(45,'2022-06-13 19:37:00.000000','Triple',660.0E0,24)
INSERT INTO NEW_PRODUCTION_PLAN VALUES(46,'2022-06-13 19:50:00.000000','Triple',780.0000000000001E0,6)
INSERT INTO NEW_PRODUCTION_PLAN VALUES(47,'2022-06-13 19:54:00.000000','Triple',1020.0E0,6)
INSERT INTO NEW_PRODUCTION_PLAN VALUES(48,'2022-06-13 20:02:00.000000','Triple',780.0000000000001E0,24)
INSERT INTO NEW_PRODUCTION_PLAN VALUES(49,'2022-06-13 20:12:00.000000','Triple',960.0E0,6)
INSERT INTO NEW_PRODUCTION_PLAN VALUES(50,'2022-06-13 20:24:00.000000','Triple',600.0E0,6)
INSERT INTO NEW_PRODUCTION_PLAN VALUES(51,'2022-06-13 20:53:00.000000','Triple',660.0E0,6)
INSERT INTO NEW_PRODUCTION_PLAN VALUES(52,'2022-06-13 21:54:00.000000','Triple',900.0E0,24)
INSERT INTO NEW_PRODUCTION_PLAN VALUES(53,'2022-06-13 22:13:00.000000','Triple',1200.0E0,24)
INSERT INTO NEW_PRODUCTION_PLAN VALUES(54,'2022-06-13 22:17:00.000000','Triple',1020.0E0,6)
INSERT INTO NEW_PRODUCTION_PLAN VALUES(55,'2022-06-13 22:24:00.000000','Triple',1080.0E0,6)
INSERT INTO NEW_PRODUCTION_PLAN VALUES(56,'2022-06-13 22:28:00.000000','Triple',1140.0E0,24)
INSERT INTO NEW_PRODUCTION_PLAN VALUES(57,'2022-06-13 23:00:00.000000','Triple',720.0E0,24)
INSERT INTO NEW_PRODUCTION_PLAN VALUES(58,'2022-06-13 23:12:00.000000','Triple',1020.0E0,24)
COMMIT
INSERT INTO STRESSTEST VALUES(0,'2022-06-13 01:22:00.000000','Blonde',779.9999999999999E0,6)
INSERT INTO STRESSTEST VALUES(1,'2022-06-13 02:25:00.000000','Blonde',1200.0E0,24)
INSERT INTO STRESSTEST VALUES(2,'2022-06-13 02:30:00.000000','Blonde',1000.0E0,24)
INSERT INTO STRESSTEST VALUES(3,'2022-06-13 02:36:00.000000','Triple',780.0000000000001E0,6)
INSERT INTO STRESSTEST VALUES(4,'2022-06-13 03:30:00.000000','Blonde',1020.0E0,24)
INSERT INTO STRESSTEST VALUES(5,'2022-06-13 03:40:00.000000','Blonde Lemon',1080.0E0,24)
INSERT INTO STRESSTEST VALUES(6,'2022-06-13 03:41:00.000000','Triple',720.0E0,6)
INSERT INTO STRESSTEST VALUES(7,'2022-06-13 03:44:00.000000','Triple',800.0E0,6)
INSERT INTO STRESSTEST VALUES(8,'2022-06-13 03:46:00.000000','Blonde',1080.0E0,6)
INSERT INTO STRESSTEST VALUES(9,'2022-06-13 03:50:00.000000','Blonde Lemon',600.0E0,6)
INSERT INTO STRESSTEST VALUES(10,'2022-06-13 03:54:00.000000','Blonde',839.9999999999999E0,24)
INSERT INTO STRESSTEST VALUES(11,'2022-06-13 04:57:00.000000','Triple',660.0E0,24)
INSERT INTO STRESSTEST VALUES(12,'2022-06-13 05:15:00.000000','Triple',840.0E0,24)
INSERT INTO STRESSTEST VALUES(13,'2022-06-13 05:32:00.000000','Blonde Lemon',1200.0E0,6)
INSERT INTO STRESSTEST VALUES(14,'2022-06-13 05:40:00.000000','Blonde',600.0E0,6)
INSERT INTO STRESSTEST VALUES(15,'2022-06-13 05:41:00.000000','Triple',780.0000000000001E0,6)
INSERT INTO STRESSTEST VALUES(16,'2022-06-13 05:55:00.000000','Blonde',780.0E0,6)
INSERT INTO STRESSTEST VALUES(17,'2022-06-13 06:04:00.000000','Blonde',720.0E0,24)
INSERT INTO STRESSTEST VALUES(18,'2022-06-13 07:55:00.000000','Blonde',1080.0E0,6)
INSERT INTO STRESSTEST VALUES(19,'2022-06-13 08:01:00.000000','Blonde',1140.0E0,6)
INSERT INTO STRESSTEST VALUES(20,'2022-06-13 08:14:00.000000','Blonde Lemon',1080.0E0,6)
INSERT INTO STRESSTEST VALUES(21,'2022-06-13 08:18:00.000000','Blonde Lemon',500.0E0,24)
INSERT INTO STRESSTEST VALUES(22,'2022-06-13 08:24:00.000000','Triple',1000.0E0,24)
INSERT INTO STRESSTEST VALUES(23,'2022-06-13 08:29:00.000000','Triple',1020.0E0,6)
INSERT INTO STRESSTEST VALUES(24,'2022-06-13 09:59:00.000000','Triple',780.0000000000001E0,24)
INSERT INTO STRESSTEST VALUES(25,'2022-06-13 10:14:00.000000','Blonde',900.0E0,24)
INSERT INTO STRESSTEST VALUES(26,'2022-06-13 10:30:00.000000','Blonde',700.0E0,6)
INSERT INTO STRESSTEST VALUES(27,'2022-06-13 11:07:00.000000','Blonde',780.0000000000001E0,6)
INSERT INTO STRESSTEST VALUES(28,'2022-06-13 11:15:00.000000','Blonde',960.0E0,24)
INSERT INTO STRESSTEST VALUES(29,'2022-06-13 11:27:00.000000','Blonde',1080.0E0,24)
INSERT INTO STRESSTEST VALUES(30,'2022-06-13 11:29:00.000000','Triple',960.0E0,6)
INSERT INTO STRESSTEST VALUES(31,'2022-06-13 12:09:00.000000','Blonde Lemon',600.0E0,6)
INSERT INTO STRESSTEST VALUES(32,'2022-06-13 12:10:00.000000','Blonde',839.9999999999999E0,24)
INSERT INTO STRESSTEST VALUES(33,'2022-06-13 12:28:00.000000','Blonde',600.0E0,24)
INSERT INTO STRESSTEST VALUES(34,'2022-06-13 12:33:00.000000','Blonde Lemon',1140.0E0,24)
INSERT INTO STRESSTEST VALUES(35,'2022-06-13 12:45:00.000000','Blonde',660.0E0,6)
INSERT INTO STRESSTEST VALUES(36,'2022-06-13 13:16:00.000000','Blonde',780.0000000000001E0,24)
INSERT INTO STRESSTEST VALUES(37,'2022-06-13 13:28:00.000000','Triple',600.0E0,6)
INSERT INTO STRESSTEST VALUES(38,'2022-06-13 14:58:00.000000','Blonde Lemon',1140.0E0,24)
INSERT INTO STRESSTEST VALUES(39,'2022-06-13 15:08:00.000000','Blonde Lemon',600.0E0,6)
INSERT INTO STRESSTEST VALUES(40,'2022-06-13 15:20:00.000000','Blonde',1140.0E0,6)
INSERT INTO STRESSTEST VALUES(41,'2022-06-13 15:25:00.000000','Blonde',1200.0E0,24)
INSERT INTO STRESSTEST VALUES(42,'2022-06-13 15:39:00.000000','Blonde',1140.0E0,24)
INSERT INTO STRESSTEST VALUES(43,'2022-06-13 16:00:00.000000','Triple',660.0E0,6)
INSERT INTO STRESSTEST VALUES(44,'2022-06-13 16:31:00.000000','Triple',900.0E0,24)
INSERT INTO STRESSTEST VALUES(45,'2022-06-13 16:32:00.000000','Blonde',900.0E0,24)
INSERT INTO STRESSTEST VALUES(46,'2022-06-13 16:35:00.000000','Blonde',1140.0E0,6)
INSERT INTO STRESSTEST VALUES(47,'2022-06-13 16:50:00.000000','Blonde Lemon',900.0E0,6)
INSERT INTO STRESSTEST VALUES(48,'2022-06-13 17:05:00.000000','Blonde',700.0E0,6)
INSERT INTO STRESSTEST VALUES(49,'2022-06-13 17:25:00.000000','Blonde',660.0E0,24)
INSERT INTO STRESSTEST VALUES(50,'2022-06-13 17:58:00.000000','Blonde',839.9999999999999E0,6)
INSERT INTO STRESSTEST VALUES(51,'2022-06-13 18:06:00.000000','Blonde',960.0E0,6)
INSERT INTO STRESSTEST VALUES(52,'2022-06-13 18:17:00.000000','Triple',1200.0E0,24)
INSERT INTO STRESSTEST VALUES(53,'2022-06-13 18:55:00.000000','Triple',1200.0E0,24)
INSERT INTO STRESSTEST VALUES(54,'2022-06-13 19:02:00.000000','Blonde',600.0E0,24)
INSERT INTO STRESSTEST VALUES(55,'2022-06-13 19:11:00.000000','Triple',1020.0E0,6)
INSERT INTO STRESSTEST VALUES(56,'2022-06-13 19:15:00.000000','Blonde',660.0E0,24)
INSERT INTO STRESSTEST VALUES(57,'2022-06-13 19:25:00.000000','Blonde',839.9999999999999E0,6)
INSERT INTO STRESSTEST VALUES(58,'2022-06-13 19:30:00.000000','Blonde',700.0E0,6)
INSERT INTO STRESSTEST VALUES(59,'2022-06-13 19:37:00.000000','Blonde Lemon',839.9999999999999E0,6)
INSERT INTO STRESSTEST VALUES(60,'2022-06-13 19:50:00.000000','Triple',1080.0E0,6)
INSERT INTO STRESSTEST VALUES(61,'2022-06-13 19:54:00.000000','Triple',1140.0E0,24)
INSERT INTO STRESSTEST VALUES(62,'2022-06-13 20:02:00.000000','Blonde',1020.0E0,24)
INSERT INTO STRESSTEST VALUES(63,'2022-06-13 20:12:00.000000','Blonde',600.0E0,6)
INSERT INTO STRESSTEST VALUES(64,'2022-06-13 20:24:00.000000','Blonde',839.9999999999999E0,6)
INSERT INTO STRESSTEST VALUES(65,'2022-06-13 20:53:00.000000','Triple',720.0E0,24)
INSERT INTO STRESSTEST VALUES(66,'2022-06-13 21:17:00.000000','Triple',1200.0E0,24)
INSERT INTO STRESSTEST VALUES(67,'2022-06-13 21:54:00.000000','Blonde',660.0E0,6)
INSERT INTO STRESSTEST VALUES(68,'2022-06-13 22:13:00.000000','Blonde',720.0E0,24)
INSERT INTO STRESSTEST VALUES(69,'2022-06-13 22:17:00.000000','Blonde',1200.0E0,6)
INSERT INTO STRESSTEST VALUES(70,'2022-06-13 22:24:00.000000','Triple',1020.0E0,24)
INSERT INTO STRESSTEST VALUES(71,'2022-06-13 22:28:00.000000','Blonde',720.0E0,6)
INSERT INTO STRESSTEST VALUES(72,'2022-06-13 22:43:00.000000','Blonde',600.0E0,6)
INSERT INTO STRESSTEST VALUES(73,'2022-06-13 23:00:00.000000','Blonde',839.9999999999999E0,6)
INSERT INTO STRESSTEST VALUES(74,'2022-06-13 23:12:00.000000','Blonde',1140.0E0,6)
COMMIT
DISCONNECT
/*C56*/DISCONNECT
/*C65*/SET SCHEMA PUBLIC
DISCONNECT
/*C64*/SET SCHEMA PUBLIC
DISCONNECT
/*C67*/SET SCHEMA PUBLIC
DISCONNECT
/*C66*/SET SCHEMA PUBLIC
DISCONNECT
/*C69*/SET SCHEMA PUBLIC
DISCONNECT
/*C68*/SET SCHEMA PUBLIC
DISCONNECT
/*C71*/SET SCHEMA PUBLIC
DISCONNECT
/*C70*/SET SCHEMA PUBLIC
DISCONNECT
